<?xml version="1.0" encoding="UTF-8"?>
<testsuite xmlns:xsi="http://www.w3.org/2001/XMLSchema-instance" xsi:noNamespaceSchemaLocation="https://maven.apache.org/surefire/maven-surefire-plugin/xsd/surefire-test-report.xsd" name="es.uca.dss.creditcard.CreditCardTest" time="0.042" tests="17" errors="0" skipped="0" failures="0">
  <properties>
    <property name="java.specification.version" value="17"/>
    <property name="sun.cpu.isalist" value="amd64"/>
    <property name="sun.jnu.encoding" value="Cp1252"/>
    <property name="java.class.path" value="d:\OneDrive - alum.uca.es\Apuntes\Curso 22 23\Segundo Cuatrimestre\DSS\EjerciciosDSS\cct\target\test-classes;d:\OneDrive - alum.uca.es\Apuntes\Curso 22 23\Segundo Cuatrimestre\DSS\EjerciciosDSS\cct\target\classes;C:\Users\tomit\.m2\repository\junit\junit\4.11\junit-4.11.jar;C:\Users\tomit\.m2\repository\org\hamcrest\hamcrest-core\1.3\hamcrest-core-1.3.jar;"/>
    <property name="java.vm.vendor" value="Oracle Corporation"/>
    <property name="sun.arch.data.model" value="64"/>
    <property name="user.variant" value=""/>
    <property name="java.vendor.url" value="https://java.oracle.com/"/>
    <property name="user.timezone" value="Europe/Madrid"/>
    <property name="os.name" value="Windows 10"/>
    <property name="java.vm.specification.version" value="17"/>
    <property name="sun.java.launcher" value="SUN_STANDARD"/>
    <property name="user.country" value="ES"/>
    <property name="sun.boot.library.path" value="C:\Program Files\Java\jdk-17\bin"/>
    <property name="sun.java.command" value="C:\Users\tomit\AppData\Local\Temp\surefire1807910521369940970\surefirebooter14129912196601665076.jar C:\Users\tomit\AppData\Local\Temp\surefire1807910521369940970 2023-05-20T17-56-12_268-jvmRun1 surefire16843319125841390974tmp surefire_01097576518761812148tmp"/>
    <property name="jdk.debug" value="release"/>
    <property name="surefire.test.class.path" value="d:\OneDrive - alum.uca.es\Apuntes\Curso 22 23\Segundo Cuatrimestre\DSS\EjerciciosDSS\cct\target\test-classes;d:\OneDrive - alum.uca.es\Apuntes\Curso 22 23\Segundo Cuatrimestre\DSS\EjerciciosDSS\cct\target\classes;C:\Users\tomit\.m2\repository\junit\junit\4.11\junit-4.11.jar;C:\Users\tomit\.m2\repository\org\hamcrest\hamcrest-core\1.3\hamcrest-core-1.3.jar;"/>
    <property name="sun.cpu.endian" value="little"/>
    <property name="user.home" value="C:\Users\tomit"/>
    <property name="user.language" value="es"/>
    <property name="java.specification.vendor" value="Oracle Corporation"/>
    <property name="java.version.date" value="2023-04-18"/>
    <property name="java.home" value="C:\Program Files\Java\jdk-17"/>
    <property name="file.separator" value="\"/>
    <property name="basedir" value="d:\OneDrive - alum.uca.es\Apuntes\Curso 22 23\Segundo Cuatrimestre\DSS\EjerciciosDSS\cct"/>
    <property name="java.vm.compressedOopsMode" value="Zero based"/>
    <property name="line.separator" value="&#10;"/>
    <property name="java.vm.specification.vendor" value="Oracle Corporation"/>
    <property name="java.specification.name" value="Java Platform API Specification"/>
    <property name="surefire.real.class.path" value="C:\Users\tomit\AppData\Local\Temp\surefire1807910521369940970\surefirebooter14129912196601665076.jar"/>
    <property name="user.script" value=""/>
    <property name="sun.management.compiler" value="HotSpot 64-Bit Tiered Compilers"/>
    <property name="java.runtime.version" value="17.0.7+8-LTS-224"/>
    <property name="user.name" value="tomit"/>
    <property name="path.separator" value=";"/>
    <property name="os.version" value="10.0"/>
    <property name="java.runtime.name" value="Java(TM) SE Runtime Environment"/>
    <property name="file.encoding" value="Cp1252"/>
    <property name="java.vm.name" value="Java HotSpot(TM) 64-Bit Server VM"/>
    <property name="localRepository" value="C:\Users\tomit\.m2\repository"/>
    <property name="java.vendor.url.bug" value="https://bugreport.java.com/bugreport/"/>
    <property name="java.io.tmpdir" value="C:\Users\tomit\AppData\Local\Temp\"/>
    <property name="java.version" value="17.0.7"/>
    <property name="user.dir" value="d:\OneDrive - alum.uca.es\Apuntes\Curso 22 23\Segundo Cuatrimestre\DSS\EjerciciosDSS\cct"/>
    <property name="os.arch" value="amd64"/>
    <property name="java.vm.specification.name" value="Java Virtual Machine Specification"/>
    <property name="sun.os.patch.level" value=""/>
    <property name="native.encoding" value="Cp1252"/>
    <property name="java.library.path" value="C:\Program Files\Java\jdk-17\bin;C:\WINDOWS\Sun\Java\bin;C:\WINDOWS\system32;C:\WINDOWS;C:\JEnv;C:\Program Files\Common Files\Oracle\Java\javapath;C:\Program Files (x86)\Common Files\Oracle\Java\javapath;C:\Program Files\NVIDIA GPU Computing Toolkit\CUDA\v11.5\bin;C:\Program Files\NVIDIA GPU Computing Toolkit\CUDA\v11.5\libnvvp;C:\Program Files\Oculus\Support\oculus-runtime;C:\Windows\system32;C:\Windows;C:\Windows\System32\Wbem;C:\Windows\System32\WindowsPowerShell\v1.0\;C:\Windows\System32\OpenSSH\;C:\Program Files\NVIDIA Corporation\NVIDIA NvDLISR;C:\Program Files (x86)\NVIDIA Corporation\PhysX\Common;C:\WINDOWS\system32;C:\WINDOWS;C:\WINDOWS\System32\Wbem;C:\WINDOWS\System32\WindowsPowerShell\v1.0\;C:\WINDOWS\System32\OpenSSH\;C:\Program Files\PuTTY\;C:\Program Files\NVIDIA Corporation\Nsight Compute 2021.3.1\;C:\Program Files\dotnet\;C:\Program Files\Git\cmd;C:\Program Files\Java\jdk-17\bin;C:\Program Files\Java\apache-maven-3.9.1\bin;C:\Users\tomit\AppData\Local\Programs\Python\Python37\Scripts\;C:\Users\tomit\AppData\Local\Programs\Python\Python37\;C:\Users\tomit\AppData\Local\Microsoft\WindowsApps;C:\Users\tomit\AppData\Local\Programs\Microsoft VS Code\bin;C:\ProgramData\tomit\gitkraken\bin;C:\Users\tomit\AppData\Local\gitkraken\bin;C:\Users\tomit\.dotnet\tools;."/>
    <property name="java.vm.info" value="mixed mode, sharing"/>
    <property name="java.vendor" value="Oracle Corporation"/>
    <property name="java.vm.version" value="17.0.7+8-LTS-224"/>
    <property name="sun.io.unicode.encoding" value="UnicodeLittle"/>
    <property name="java.class.version" value="61.0"/>
  </properties>
  <testcase name="testPay" classname="es.uca.dss.creditcard.CreditCardTest" time="0.002"/>
  <testcase name="testPayInsufficientBalance" classname="es.uca.dss.creditcard.CreditCardTest" time="0"/>
  <testcase name="testWithdrawInactiveCard" classname="es.uca.dss.creditcard.CreditCardTest" time="0"/>
  <testcase name="testActivate" classname="es.uca.dss.creditcard.CreditCardTest" time="0"/>
  <testcase name="testDeactivateAlreadyInactive" classname="es.uca.dss.creditcard.CreditCardTest" time="0"/>
  <testcase name="testWithdrawInsufficientBalance" classname="es.uca.dss.creditcard.CreditCardTest" time="0"/>
  <testcase name="testWithdraw" classname="es.uca.dss.creditcard.CreditCardTest" time="0"/>
  <testcase name="testIsActive" classname="es.uca.dss.creditcard.CreditCardTest" time="0"/>
  <testcase name="testGetBalance" classname="es.uca.dss.creditcard.CreditCardTest" time="0.001"/>
  <testcase name="testTransferInsufficientBalance" classname="es.uca.dss.creditcard.CreditCardTest" time="0"/>
  <testcase name="testPayInactiveCard" classname="es.uca.dss.creditcard.CreditCardTest" time="0"/>
  <testcase name="testDeposit" classname="es.uca.dss.creditcard.CreditCardTest" time="0"/>
  <testcase name="testDepositInactiveCard" classname="es.uca.dss.creditcard.CreditCardTest" time="0"/>
  <testcase name="testDeactivate" classname="es.uca.dss.creditcard.CreditCardTest" time="0.001"/>
  <testcase name="testActivateAlreadyActive" classname="es.uca.dss.creditcard.CreditCardTest" time="0"/>
  <testcase name="testTransferInactiveCard" classname="es.uca.dss.creditcard.CreditCardTest" time="0.001"/>
  <testcase name="testTransfer" classname="es.uca.dss.creditcard.CreditCardTest" time="0"/>
</testsuite>